<?xml version="1.0" encoding="UTF-8"?>
<testsuite name="TestSuite" time="487.194" tests="1" errors="0" skipped="0" failures="0">
  <properties>
    <property name="java.runtime.name" value="Java(TM) SE Runtime Environment"/>
    <property name="sun.boot.library.path" value="D:\IBaseDev\Programs\Java\jre\bin"/>
    <property name="java.vm.version" value="21.0-b17"/>
    <property name="java.vm.vendor" value="Oracle Corporation"/>
    <property name="java.vendor.url" value="http://java.oracle.com/"/>
    <property name="path.separator" value=";"/>
    <property name="guice.disable.misplaced.annotation.check" value="true"/>
    <property name="java.vm.name" value="Java HotSpot(TM) 64-Bit Server VM"/>
    <property name="file.encoding.pkg" value="sun.io"/>
    <property name="user.script" value=""/>
    <property name="user.country" value="US"/>
    <property name="sun.java.launcher" value="SUN_STANDARD"/>
    <property name="sun.os.patch.level" value="Service Pack 1"/>
    <property name="java.vm.specification.name" value="Java Virtual Machine Specification"/>
    <property name="user.dir" value="D:\IBaseDev\efareTest"/>
    <property name="java.runtime.version" value="1.7.0-b147"/>
    <property name="java.awt.graphicsenv" value="sun.awt.Win32GraphicsEnvironment"/>
    <property name="java.endorsed.dirs" value="D:\IBaseDev\Programs\Java\jre\lib\endorsed"/>
    <property name="os.arch" value="amd64"/>
    <property name="java.io.tmpdir" value="C:\Users\pawanl\AppData\Local\Temp\"/>
    <property name="line.separator" value="&#10;"/>
    <property name="java.vm.specification.vendor" value="Oracle Corporation"/>
    <property name="user.variant" value=""/>
    <property name="os.name" value="Windows 7"/>
    <property name="classworlds.conf" value="D:\IBaseDev\.metadata\.plugins\org.eclipse.m2e.core\launches\m2conf26955993160064937.tmp"/>
    <property name="sun.jnu.encoding" value="Cp1252"/>
    <property name="java.library.path" value="D:\IBaseDev\Programs\Java\bin;C:\Windows\Sun\Java\bin;C:\Windows\system32;C:\Windows;D:/IBaseDev/Programs/Java/bin/../jre/bin/server;D:/IBaseDev/Programs/Java/bin/../jre/bin;D:/IBaseDev/Programs/Java/bin/../jre/lib/amd64;C:\Program Files\Common Files\Microsoft Shared\Windows Live;C:\Program Files (x86)\Common Files\Microsoft Shared\Windows Live;D:\IBaseDev\Programs\Java\jre\bin;C:\Program Files (x86)\Windows Live\Shared;C:\Program Files\Java\jdk1.7.0_05\bin;C:\Users\pawanl\AppData\Local\Android\sdk\platform-tools\;C:\Users\pawanl\AppData\Local\Android\sdk\tools;D:\Android\Sdk\tools;D:\Android\Sdk\platform-tools;C:\Users\pawanl\AppData\Roaming\Microsoft\Windows\Start Menu\Programs\GitHub, Inc;D:\apache-ant-1.9.7\bin;C:\Program Files\Common Files\Microsoft Shared\Windows Live;C:\Program Files (x86)\Common Files\Microsoft Shared\Windows Live;D:\IBaseDev\Programs\Java\jre\bin;C:\Program Files (x86)\Windows Live\Shared;C:\Program Files\Java\jdk1.7.0_05\bin;C:\Users\pawanl\AppData\Local\Android\sdk\platform-tools\;C:\Users\pawanl\AppData\Local\Android\sdk\tools;D:\Android\Sdk\tools;D:\Android\Sdk\platform-tools;C:\Users\pawanl\AppData\Roaming\Microsoft\Windows\Start Menu\Programs\GitHub, Inc;C:\Users\pawanl\AppData\Local\Programs\Git\cmd;D:\IBaseDev\Programs\eclipse;;."/>
    <property name="java.specification.name" value="Java Platform API Specification"/>
    <property name="java.class.version" value="51.0"/>
    <property name="sun.management.compiler" value="HotSpot 64-Bit Tiered Compilers"/>
    <property name="os.version" value="6.1"/>
    <property name="user.home" value="C:\Users\pawanl"/>
    <property name="user.timezone" value="Asia/Calcutta"/>
    <property name="java.awt.printerjob" value="sun.awt.windows.WPrinterJob"/>
    <property name="java.specification.version" value="1.7"/>
    <property name="file.encoding" value="Cp1252"/>
    <property name="user.name" value="pawanl"/>
    <property name="java.class.path" value="/D:/IBaseDev/Programs/eclipse/plugins/org.eclipse.m2e.maven.runtime_1.1.0.20120529-1956/jars/plexus-classworlds-2.4.jar"/>
    <property name="java.vm.specification.version" value="1.7"/>
    <property name="sun.arch.data.model" value="64"/>
    <property name="java.home" value="D:\IBaseDev\Programs\Java\jre"/>
    <property name="sun.java.command" value="org.codehaus.plexus.classworlds.launcher.Launcher -B clean test"/>
    <property name="java.specification.vendor" value="Oracle Corporation"/>
    <property name="user.language" value="en"/>
    <property name="awt.toolkit" value="sun.awt.windows.WToolkit"/>
    <property name="java.vm.info" value="mixed mode"/>
    <property name="java.version" value="1.7.0"/>
    <property name="java.ext.dirs" value="D:\IBaseDev\Programs\Java\jre\lib\ext;C:\Windows\Sun\Java\lib\ext"/>
    <property name="sun.boot.class.path" value="D:\IBaseDev\Programs\Java\jre\lib\resources.jar;D:\IBaseDev\Programs\Java\jre\lib\rt.jar;D:\IBaseDev\Programs\Java\jre\lib\sunrsasign.jar;D:\IBaseDev\Programs\Java\jre\lib\jsse.jar;D:\IBaseDev\Programs\Java\jre\lib\jce.jar;D:\IBaseDev\Programs\Java\jre\lib\charsets.jar;D:\IBaseDev\Programs\Java\jre\classes"/>
    <property name="java.vendor" value="Oracle Corporation"/>
    <property name="maven.home" value="D:\IBaseDev\efareTest\EMBEDDED"/>
    <property name="file.separator" value="\"/>
    <property name="java.vendor.url.bug" value="http://bugreport.sun.com/bugreport/"/>
    <property name="sun.cpu.endian" value="little"/>
    <property name="sun.io.unicode.encoding" value="UnicodeLittle"/>
    <property name="sun.desktop" value="windows"/>
    <property name="sun.cpu.isalist" value="amd64"/>
  </properties>
  <testcase name="f" classname="EfareTest" time="487.194"/>
</testsuite>