<?xml version="1.0" encoding="UTF-8"?>
<!-- Generated by org.testng.reporters.JUnitReportReporter -->
<testsuite hostname="IBASE130" name="EfareTest" tests="1" failures="0" timestamp="22 Jun 2016 13:01:31 GMT" time="36.684" errors="0">
  <testcase name="f" time="36.684" classname="EfareTest"/>
</testsuite> <!-- EfareTest -->
