<?xml version="1.0" encoding="UTF-8"?>
<!-- Generated by org.testng.reporters.JUnitReportReporter -->
<testsuite hostname="IBASE130" name="EfareTest" tests="1" failures="0" timestamp="23 Jun 2016 07:53:31 GMT" time="487.194" errors="0">
  <testcase name="f" time="487.194" classname="EfareTest"/>
</testsuite> <!-- EfareTest -->
